{"/Users/yagneshmodh/Documents/projects/js_Nous_training/Todo/index.js": {"path":"/Users/yagneshmodh/Documents/projects/js_Nous_training/Todo/index.js","statementMap":{"0":{"start":{"line":9,"column":13},"end":{"line":9,"column":24}},"1":{"start":{"line":11,"column":10},"end":{"line":15,"column":3}},"2":{"start":{"line":18,"column":4},"end":{"line":18,"column":22}},"3":{"start":{"line":21,"column":17},"end":{"line":43,"column":3}},"4":{"start":{"line":22,"column":32},"end":{"line":22,"column":70}},"5":{"start":{"line":23,"column":4},"end":{"line":42,"column":7}},"6":{"start":{"line":24,"column":20},"end":{"line":29,"column":8}},"7":{"start":{"line":25,"column":8},"end":{"line":27,"column":9}},"8":{"start":{"line":26,"column":10},"end":{"line":26,"column":61}},"9":{"start":{"line":28,"column":8},"end":{"line":28,"column":44}},"10":{"start":{"line":30,"column":6},"end":{"line":34,"column":7}},"11":{"start":{"line":31,"column":8},"end":{"line":33,"column":10}},"12":{"start":{"line":35,"column":6},"end":{"line":41,"column":8}},"13":{"start":{"line":45,"column":15},"end":{"line":66,"column":3}},"14":{"start":{"line":46,"column":17},"end":{"line":46,"column":19}},"15":{"start":{"line":47,"column":4},"end":{"line":52,"column":5}},"16":{"start":{"line":51,"column":6},"end":{"line":51,"column":49}},"17":{"start":{"line":53,"column":4},"end":{"line":65,"column":5}},"18":{"start":{"line":54,"column":6},"end":{"line":54,"column":47}},"19":{"start":{"line":55,"column":18},"end":{"line":57,"column":8}},"20":{"start":{"line":58,"column":6},"end":{"line":62,"column":10}},"21":{"start":{"line":58,"column":37},"end":{"line":62,"column":7}},"22":{"start":{"line":61,"column":35},"end":{"line":61,"column":66}},"23":{"start":{"line":64,"column":6},"end":{"line":64,"column":44}},"24":{"start":{"line":68,"column":12},"end":{"line":90,"column":3}},"25":{"start":{"line":69,"column":4},"end":{"line":89,"column":5}},"26":{"start":{"line":70,"column":6},"end":{"line":70,"column":44}},"27":{"start":{"line":71,"column":6},"end":{"line":71,"column":29}},"28":{"start":{"line":72,"column":18},"end":{"line":75,"column":8}},"29":{"start":{"line":77,"column":6},"end":{"line":86,"column":8}},"30":{"start":{"line":78,"column":35},"end":{"line":82,"column":9}},"31":{"start":{"line":81,"column":37},"end":{"line":81,"column":65}},"32":{"start":{"line":84,"column":10},"end":{"line":84,"column":43}},"33":{"start":{"line":88,"column":6},"end":{"line":88,"column":41}},"34":{"start":{"line":92,"column":17},"end":{"line":114,"column":3}},"35":{"start":{"line":93,"column":4},"end":{"line":113,"column":5}},"36":{"start":{"line":94,"column":6},"end":{"line":94,"column":56}},"37":{"start":{"line":95,"column":18},"end":{"line":98,"column":8}},"38":{"start":{"line":100,"column":27},"end":{"line":100,"column":37}},"39":{"start":{"line":101,"column":20},"end":{"line":101,"column":61}},"40":{"start":{"line":101,"column":44},"end":{"line":101,"column":60}},"41":{"start":{"line":102,"column":26},"end":{"line":106,"column":7}},"42":{"start":{"line":107,"column":6},"end":{"line":110,"column":10}},"43":{"start":{"line":107,"column":37},"end":{"line":110,"column":7}},"44":{"start":{"line":109,"column":35},"end":{"line":109,"column":51}},"45":{"start":{"line":112,"column":6},"end":{"line":112,"column":53}},"46":{"start":{"line":116,"column":15},"end":{"line":135,"column":3}},"47":{"start":{"line":117,"column":4},"end":{"line":134,"column":5}},"48":{"start":{"line":118,"column":6},"end":{"line":118,"column":56}},"49":{"start":{"line":120,"column":6},"end":{"line":120,"column":56}},"50":{"start":{"line":122,"column":27},"end":{"line":122,"column":37}},"51":{"start":{"line":123,"column":20},"end":{"line":123,"column":61}},"52":{"start":{"line":123,"column":44},"end":{"line":123,"column":60}},"53":{"start":{"line":124,"column":26},"end":{"line":127,"column":7}},"54":{"start":{"line":128,"column":6},"end":{"line":131,"column":10}},"55":{"start":{"line":128,"column":37},"end":{"line":131,"column":7}},"56":{"start":{"line":130,"column":35},"end":{"line":130,"column":51}},"57":{"start":{"line":133,"column":6},"end":{"line":133,"column":53}},"58":{"start":{"line":138,"column":33},"end":{"line":138,"column":43}},"59":{"start":{"line":140,"column":4},"end":{"line":140,"column":24}},"60":{"start":{"line":142,"column":4},"end":{"line":157,"column":6}},"61":{"start":{"line":155,"column":46},"end":{"line":155,"column":73}}},"fnMap":{"0":{"name":"(anonymous_0)","decl":{"start":{"line":17,"column":2},"end":{"line":17,"column":3}},"loc":{"start":{"line":17,"column":22},"end":{"line":19,"column":3}},"line":17},"1":{"name":"(anonymous_1)","decl":{"start":{"line":21,"column":17},"end":{"line":21,"column":18}},"loc":{"start":{"line":21,"column":37},"end":{"line":43,"column":3}},"line":21},"2":{"name":"(anonymous_2)","decl":{"start":{"line":23,"column":18},"end":{"line":23,"column":19}},"loc":{"start":{"line":23,"column":34},"end":{"line":42,"column":5}},"line":23},"3":{"name":"(anonymous_3)","decl":{"start":{"line":24,"column":37},"end":{"line":24,"column":38}},"loc":{"start":{"line":24,"column":42},"end":{"line":29,"column":7}},"line":24},"4":{"name":"(anonymous_4)","decl":{"start":{"line":45,"column":15},"end":{"line":45,"column":16}},"loc":{"start":{"line":45,"column":35},"end":{"line":66,"column":3}},"line":45},"5":{"name":"(anonymous_5)","decl":{"start":{"line":58,"column":20},"end":{"line":58,"column":21}},"loc":{"start":{"line":58,"column":37},"end":{"line":62,"column":7}},"line":58},"6":{"name":"(anonymous_6)","decl":{"start":{"line":61,"column":30},"end":{"line":61,"column":31}},"loc":{"start":{"line":61,"column":35},"end":{"line":61,"column":66}},"line":61},"7":{"name":"(anonymous_7)","decl":{"start":{"line":68,"column":12},"end":{"line":68,"column":13}},"loc":{"start":{"line":68,"column":27},"end":{"line":90,"column":3}},"line":68},"8":{"name":"(anonymous_8)","decl":{"start":{"line":78,"column":8},"end":{"line":78,"column":9}},"loc":{"start":{"line":78,"column":35},"end":{"line":82,"column":9}},"line":78},"9":{"name":"(anonymous_9)","decl":{"start":{"line":81,"column":32},"end":{"line":81,"column":33}},"loc":{"start":{"line":81,"column":37},"end":{"line":81,"column":65}},"line":81},"10":{"name":"(anonymous_10)","decl":{"start":{"line":83,"column":8},"end":{"line":83,"column":9}},"loc":{"start":{"line":83,"column":14},"end":{"line":85,"column":9}},"line":83},"11":{"name":"(anonymous_11)","decl":{"start":{"line":92,"column":17},"end":{"line":92,"column":18}},"loc":{"start":{"line":92,"column":31},"end":{"line":114,"column":3}},"line":92},"12":{"name":"(anonymous_12)","decl":{"start":{"line":101,"column":39},"end":{"line":101,"column":40}},"loc":{"start":{"line":101,"column":44},"end":{"line":101,"column":60}},"line":101},"13":{"name":"(anonymous_13)","decl":{"start":{"line":107,"column":20},"end":{"line":107,"column":21}},"loc":{"start":{"line":107,"column":37},"end":{"line":110,"column":7}},"line":107},"14":{"name":"(anonymous_14)","decl":{"start":{"line":109,"column":30},"end":{"line":109,"column":31}},"loc":{"start":{"line":109,"column":35},"end":{"line":109,"column":51}},"line":109},"15":{"name":"(anonymous_15)","decl":{"start":{"line":116,"column":15},"end":{"line":116,"column":16}},"loc":{"start":{"line":116,"column":29},"end":{"line":135,"column":3}},"line":116},"16":{"name":"(anonymous_16)","decl":{"start":{"line":123,"column":39},"end":{"line":123,"column":40}},"loc":{"start":{"line":123,"column":44},"end":{"line":123,"column":60}},"line":123},"17":{"name":"(anonymous_17)","decl":{"start":{"line":128,"column":20},"end":{"line":128,"column":21}},"loc":{"start":{"line":128,"column":37},"end":{"line":131,"column":7}},"line":128},"18":{"name":"(anonymous_18)","decl":{"start":{"line":130,"column":30},"end":{"line":130,"column":31}},"loc":{"start":{"line":130,"column":35},"end":{"line":130,"column":51}},"line":130},"19":{"name":"(anonymous_19)","decl":{"start":{"line":137,"column":2},"end":{"line":137,"column":3}},"loc":{"start":{"line":137,"column":11},"end":{"line":158,"column":3}},"line":137},"20":{"name":"(anonymous_20)","decl":{"start":{"line":155,"column":32},"end":{"line":155,"column":33}},"loc":{"start":{"line":155,"column":46},"end":{"line":155,"column":73}},"line":155}},"branchMap":{"0":{"loc":{"start":{"line":25,"column":8},"end":{"line":27,"column":9}},"type":"if","locations":[{"start":{"line":25,"column":8},"end":{"line":27,"column":9}},{"start":{"line":25,"column":8},"end":{"line":27,"column":9}}],"line":25},"1":{"loc":{"start":{"line":26,"column":17},"end":{"line":26,"column":60}},"type":"binary-expr","locations":[{"start":{"line":26,"column":17},"end":{"line":26,"column":45}},{"start":{"line":26,"column":49},"end":{"line":26,"column":60}}],"line":26},"2":{"loc":{"start":{"line":30,"column":6},"end":{"line":34,"column":7}},"type":"if","locations":[{"start":{"line":30,"column":6},"end":{"line":34,"column":7}},{"start":{"line":30,"column":6},"end":{"line":34,"column":7}}],"line":30},"3":{"loc":{"start":{"line":47,"column":4},"end":{"line":52,"column":5}},"type":"if","locations":[{"start":{"line":47,"column":4},"end":{"line":52,"column":5}},{"start":{"line":47,"column":4},"end":{"line":52,"column":5}}],"line":47},"4":{"loc":{"start":{"line":48,"column":6},"end":{"line":49,"column":62}},"type":"binary-expr","locations":[{"start":{"line":48,"column":6},"end":{"line":48,"column":16}},{"start":{"line":49,"column":7},"end":{"line":49,"column":31}},{"start":{"line":49,"column":35},"end":{"line":49,"column":61}}],"line":48},"5":{"loc":{"start":{"line":60,"column":20},"end":{"line":60,"column":39}},"type":"binary-expr","locations":[{"start":{"line":60,"column":20},"end":{"line":60,"column":30}},{"start":{"line":60,"column":34},"end":{"line":60,"column":39}}],"line":60}},"s":{"0":2,"1":2,"2":2,"3":2,"4":3,"5":3,"6":3,"7":1,"8":0,"9":1,"10":3,"11":2,"12":1,"13":2,"14":2,"15":2,"16":0,"17":2,"18":2,"19":2,"20":1,"21":1,"22":1,"23":1,"24":2,"25":0,"26":0,"27":0,"28":0,"29":0,"30":0,"31":0,"32":0,"33":0,"34":2,"35":0,"36":0,"37":0,"38":0,"39":0,"40":0,"41":0,"42":0,"43":0,"44":0,"45":0,"46":2,"47":0,"48":0,"49":0,"50":0,"51":0,"52":0,"53":0,"54":0,"55":0,"56":0,"57":0,"58":6,"59":6,"60":6,"61":0},"f":{"0":2,"1":3,"2":3,"3":1,"4":2,"5":1,"6":1,"7":0,"8":0,"9":0,"10":0,"11":0,"12":0,"13":0,"14":0,"15":0,"16":0,"17":0,"18":0,"19":6,"20":0},"b":{"0":[0,1],"1":[0,0],"2":[2,1],"3":[0,2],"4":[2,0,0],"5":[1,1]},"_coverageSchema":"1a1c01bbd47fc00a2c39e90264f33305004495a9","hash":"454f4719e9ae6c788964a08f4d164e5e0490f8b8"}
,"/Users/yagneshmodh/Documents/projects/js_Nous_training/Todo/todoFilter.js": {"path":"/Users/yagneshmodh/Documents/projects/js_Nous_training/Todo/todoFilter.js","statementMap":{"0":{"start":{"line":4,"column":19},"end":{"line":19,"column":1}},"1":{"start":{"line":5,"column":2},"end":{"line":5,"column":35}},"2":{"start":{"line":6,"column":2},"end":{"line":18,"column":4}},"3":{"start":{"line":8,"column":44},"end":{"line":8,"column":61}},"4":{"start":{"line":11,"column":43},"end":{"line":11,"column":64}},"5":{"start":{"line":14,"column":43},"end":{"line":14,"column":66}},"6":{"start":{"line":21,"column":0},"end":{"line":23,"column":2}}},"fnMap":{"0":{"name":"(anonymous_0)","decl":{"start":{"line":4,"column":19},"end":{"line":4,"column":20}},"loc":{"start":{"line":4,"column":39},"end":{"line":19,"column":1}},"line":4},"1":{"name":"(anonymous_1)","decl":{"start":{"line":8,"column":37},"end":{"line":8,"column":38}},"loc":{"start":{"line":8,"column":44},"end":{"line":8,"column":61}},"line":8},"2":{"name":"(anonymous_2)","decl":{"start":{"line":11,"column":37},"end":{"line":11,"column":38}},"loc":{"start":{"line":11,"column":43},"end":{"line":11,"column":64}},"line":11},"3":{"name":"(anonymous_3)","decl":{"start":{"line":14,"column":37},"end":{"line":14,"column":38}},"loc":{"start":{"line":14,"column":43},"end":{"line":14,"column":66}},"line":14}},"branchMap":{},"s":{"0":2,"1":13,"2":13,"3":1,"4":1,"5":1,"6":2},"f":{"0":13,"1":1,"2":1,"3":1},"b":{},"_coverageSchema":"1a1c01bbd47fc00a2c39e90264f33305004495a9","hash":"a3c07878b9c384c125cb00bd8fb6ffbe51952816"}
,"/Users/yagneshmodh/Documents/projects/js_Nous_training/Todo/todoForm.js": {"path":"/Users/yagneshmodh/Documents/projects/js_Nous_training/Todo/todoForm.js","statementMap":{"0":{"start":{"line":4,"column":17},"end":{"line":16,"column":2}},"1":{"start":{"line":5,"column":2},"end":{"line":5,"column":33}},"2":{"start":{"line":6,"column":2},"end":{"line":15,"column":4}},"3":{"start":{"line":11,"column":35},"end":{"line":11,"column":64}},"4":{"start":{"line":18,"column":0},"end":{"line":20,"column":2}}},"fnMap":{"0":{"name":"(anonymous_0)","decl":{"start":{"line":4,"column":28},"end":{"line":4,"column":29}},"loc":{"start":{"line":4,"column":58},"end":{"line":16,"column":1}},"line":4},"1":{"name":"(anonymous_1)","decl":{"start":{"line":11,"column":30},"end":{"line":11,"column":31}},"loc":{"start":{"line":11,"column":35},"end":{"line":11,"column":64}},"line":11}},"branchMap":{},"s":{"0":1,"1":6,"2":6,"3":3,"4":1},"f":{"0":6,"1":3},"b":{},"_coverageSchema":"1a1c01bbd47fc00a2c39e90264f33305004495a9","hash":"46d452910750c535312251e2607c43a5709bae60"}
,"/Users/yagneshmodh/Documents/projects/js_Nous_training/Todo/todoList.js": {"path":"/Users/yagneshmodh/Documents/projects/js_Nous_training/Todo/todoList.js","statementMap":{"0":{"start":{"line":4,"column":17},"end":{"line":44,"column":1}},"1":{"start":{"line":5,"column":2},"end":{"line":5,"column":33}},"2":{"start":{"line":6,"column":2},"end":{"line":43,"column":4}},"3":{"start":{"line":8,"column":24},"end":{"line":8,"column":56}},"4":{"start":{"line":13,"column":12},"end":{"line":38,"column":18}},"5":{"start":{"line":20,"column":23},"end":{"line":20,"column":79}},"6":{"start":{"line":22,"column":32},"end":{"line":22,"column":54}},"7":{"start":{"line":33,"column":23},"end":{"line":33,"column":79}},"8":{"start":{"line":35,"column":31},"end":{"line":35,"column":51}},"9":{"start":{"line":46,"column":0},"end":{"line":56,"column":2}}},"fnMap":{"0":{"name":"(anonymous_0)","decl":{"start":{"line":4,"column":17},"end":{"line":4,"column":18}},"loc":{"start":{"line":4,"column":73},"end":{"line":44,"column":1}},"line":4},"1":{"name":"(anonymous_1)","decl":{"start":{"line":8,"column":19},"end":{"line":8,"column":20}},"loc":{"start":{"line":8,"column":24},"end":{"line":8,"column":56}},"line":8},"2":{"name":"(anonymous_2)","decl":{"start":{"line":12,"column":28},"end":{"line":12,"column":29}},"loc":{"start":{"line":13,"column":12},"end":{"line":38,"column":18}},"line":13},"3":{"name":"(anonymous_3)","decl":{"start":{"line":20,"column":18},"end":{"line":20,"column":19}},"loc":{"start":{"line":20,"column":23},"end":{"line":20,"column":79}},"line":20},"4":{"name":"(anonymous_4)","decl":{"start":{"line":22,"column":26},"end":{"line":22,"column":27}},"loc":{"start":{"line":22,"column":32},"end":{"line":22,"column":54}},"line":22},"5":{"name":"(anonymous_5)","decl":{"start":{"line":33,"column":18},"end":{"line":33,"column":19}},"loc":{"start":{"line":33,"column":23},"end":{"line":33,"column":79}},"line":33},"6":{"name":"(anonymous_6)","decl":{"start":{"line":35,"column":25},"end":{"line":35,"column":26}},"loc":{"start":{"line":35,"column":31},"end":{"line":35,"column":51}},"line":35}},"branchMap":{"0":{"loc":{"start":{"line":8,"column":7},"end":{"line":41,"column":7}},"type":"cond-expr","locations":[{"start":{"line":9,"column":8},"end":{"line":9,"column":28}},{"start":{"line":11,"column":8},"end":{"line":40,"column":11}}],"line":8},"1":{"loc":{"start":{"line":20,"column":23},"end":{"line":20,"column":79}},"type":"binary-expr","locations":[{"start":{"line":20,"column":23},"end":{"line":20,"column":55}},{"start":{"line":20,"column":59},"end":{"line":20,"column":79}}],"line":20},"2":{"loc":{"start":{"line":26,"column":34},"end":{"line":26,"column":75}},"type":"cond-expr","locations":[{"start":{"line":26,"column":52},"end":{"line":26,"column":66}},{"start":{"line":26,"column":69},"end":{"line":26,"column":75}}],"line":26},"3":{"loc":{"start":{"line":33,"column":23},"end":{"line":33,"column":79}},"type":"binary-expr","locations":[{"start":{"line":33,"column":23},"end":{"line":33,"column":55}},{"start":{"line":33,"column":59},"end":{"line":33,"column":79}}],"line":33}},"s":{"0":1,"1":6,"2":6,"3":3,"4":1,"5":0,"6":0,"7":0,"8":0,"9":1},"f":{"0":6,"1":3,"2":1,"3":0,"4":0,"5":0,"6":0},"b":{"0":[2,4],"1":[0,0],"2":[1,0],"3":[0,0]},"_coverageSchema":"1a1c01bbd47fc00a2c39e90264f33305004495a9","hash":"228d2d675db7c76599bf4b5a14ce48bcb15307cb"}
,"/Users/yagneshmodh/Documents/projects/js_Nous_training/utils/axiosInstance.js": {"path":"/Users/yagneshmodh/Documents/projects/js_Nous_training/utils/axiosInstance.js","statementMap":{"0":{"start":{"line":3,"column":22},"end":{"line":7,"column":2}},"1":{"start":{"line":9,"column":0},"end":{"line":25,"column":2}},"2":{"start":{"line":12,"column":18},"end":{"line":12,"column":49}},"3":{"start":{"line":13,"column":4},"end":{"line":18,"column":5}},"4":{"start":{"line":14,"column":6},"end":{"line":17,"column":8}},"5":{"start":{"line":19,"column":4},"end":{"line":19,"column":18}},"6":{"start":{"line":23,"column":4},"end":{"line":23,"column":33}},"7":{"start":{"line":28,"column":0},"end":{"line":39,"column":2}},"8":{"start":{"line":32,"column":4},"end":{"line":32,"column":20}},"9":{"start":{"line":37,"column":4},"end":{"line":37,"column":33}}},"fnMap":{"0":{"name":"(anonymous_0)","decl":{"start":{"line":10,"column":2},"end":{"line":10,"column":3}},"loc":{"start":{"line":10,"column":20},"end":{"line":20,"column":3}},"line":10},"1":{"name":"(anonymous_1)","decl":{"start":{"line":21,"column":2},"end":{"line":21,"column":3}},"loc":{"start":{"line":21,"column":19},"end":{"line":24,"column":3}},"line":21},"2":{"name":"(anonymous_2)","decl":{"start":{"line":29,"column":2},"end":{"line":29,"column":3}},"loc":{"start":{"line":29,"column":22},"end":{"line":33,"column":3}},"line":29},"3":{"name":"(anonymous_3)","decl":{"start":{"line":34,"column":2},"end":{"line":34,"column":3}},"loc":{"start":{"line":34,"column":19},"end":{"line":38,"column":3}},"line":34}},"branchMap":{"0":{"loc":{"start":{"line":13,"column":4},"end":{"line":18,"column":5}},"type":"if","locations":[{"start":{"line":13,"column":4},"end":{"line":18,"column":5}},{"start":{"line":13,"column":4},"end":{"line":18,"column":5}}],"line":13}},"s":{"0":1,"1":1,"2":2,"3":2,"4":0,"5":2,"6":0,"7":1,"8":1,"9":1},"f":{"0":2,"1":0,"2":1,"3":1},"b":{"0":[0,2]},"_coverageSchema":"1a1c01bbd47fc00a2c39e90264f33305004495a9","hash":"819724caf1b1f77a02f1a2c064a5542934080c06"}
}
