TN:
SF:Todo/index.js
FN:17,(anonymous_0)
FN:21,(anonymous_1)
FN:23,(anonymous_2)
FN:24,(anonymous_3)
FN:45,(anonymous_4)
FN:58,(anonymous_5)
FN:61,(anonymous_6)
FN:68,(anonymous_7)
FN:78,(anonymous_8)
FN:81,(anonymous_9)
FN:83,(anonymous_10)
FN:92,(anonymous_11)
FN:101,(anonymous_12)
FN:107,(anonymous_13)
FN:109,(anonymous_14)
FN:116,(anonymous_15)
FN:123,(anonymous_16)
FN:128,(anonymous_17)
FN:130,(anonymous_18)
FN:137,(anonymous_19)
FN:155,(anonymous_20)
FNF:21
FNH:8
FNDA:2,(anonymous_0)
FNDA:3,(anonymous_1)
FNDA:3,(anonymous_2)
FNDA:1,(anonymous_3)
FNDA:2,(anonymous_4)
FNDA:1,(anonymous_5)
FNDA:1,(anonymous_6)
FNDA:0,(anonymous_7)
FNDA:0,(anonymous_8)
FNDA:0,(anonymous_9)
FNDA:0,(anonymous_10)
FNDA:0,(anonymous_11)
FNDA:0,(anonymous_12)
FNDA:0,(anonymous_13)
FNDA:0,(anonymous_14)
FNDA:0,(anonymous_15)
FNDA:0,(anonymous_16)
FNDA:0,(anonymous_17)
FNDA:0,(anonymous_18)
FNDA:6,(anonymous_19)
FNDA:0,(anonymous_20)
DA:9,2
DA:11,2
DA:18,2
DA:21,2
DA:22,3
DA:23,3
DA:24,3
DA:25,1
DA:26,0
DA:28,1
DA:30,3
DA:31,2
DA:35,1
DA:45,2
DA:46,2
DA:47,2
DA:51,0
DA:53,2
DA:54,2
DA:55,2
DA:58,1
DA:61,1
DA:64,1
DA:68,2
DA:69,0
DA:70,0
DA:71,0
DA:72,0
DA:77,0
DA:78,0
DA:81,0
DA:84,0
DA:88,0
DA:92,2
DA:93,0
DA:94,0
DA:95,0
DA:100,0
DA:101,0
DA:102,0
DA:107,0
DA:109,0
DA:112,0
DA:116,2
DA:117,0
DA:118,0
DA:120,0
DA:122,0
DA:123,0
DA:124,0
DA:128,0
DA:130,0
DA:133,0
DA:138,6
DA:140,6
DA:142,6
DA:155,0
LF:57
LH:27
BRDA:25,0,0,0
BRDA:25,0,1,1
BRDA:26,1,0,0
BRDA:26,1,1,0
BRDA:30,2,0,2
BRDA:30,2,1,1
BRDA:47,3,0,0
BRDA:47,3,1,2
BRDA:48,4,0,2
BRDA:48,4,1,0
BRDA:48,4,2,0
BRDA:60,5,0,1
BRDA:60,5,1,1
BRF:13
BRH:7
end_of_record
TN:
SF:Todo/todoFilter.js
FN:4,(anonymous_0)
FN:8,(anonymous_1)
FN:11,(anonymous_2)
FN:14,(anonymous_3)
FNF:4
FNH:4
FNDA:13,(anonymous_0)
FNDA:1,(anonymous_1)
FNDA:1,(anonymous_2)
FNDA:1,(anonymous_3)
DA:4,2
DA:5,13
DA:6,13
DA:8,1
DA:11,1
DA:14,1
DA:21,2
LF:7
LH:7
BRF:0
BRH:0
end_of_record
TN:
SF:Todo/todoForm.js
FN:4,(anonymous_0)
FN:11,(anonymous_1)
FNF:2
FNH:2
FNDA:6,(anonymous_0)
FNDA:3,(anonymous_1)
DA:4,1
DA:5,6
DA:6,6
DA:11,3
DA:18,1
LF:5
LH:5
BRF:0
BRH:0
end_of_record
TN:
SF:Todo/todoList.js
FN:4,(anonymous_0)
FN:8,(anonymous_1)
FN:12,(anonymous_2)
FN:20,(anonymous_3)
FN:22,(anonymous_4)
FN:33,(anonymous_5)
FN:35,(anonymous_6)
FNF:7
FNH:3
FNDA:6,(anonymous_0)
FNDA:3,(anonymous_1)
FNDA:1,(anonymous_2)
FNDA:0,(anonymous_3)
FNDA:0,(anonymous_4)
FNDA:0,(anonymous_5)
FNDA:0,(anonymous_6)
DA:4,1
DA:5,6
DA:6,6
DA:8,3
DA:13,1
DA:20,0
DA:22,0
DA:33,0
DA:35,0
DA:46,1
LF:10
LH:6
BRDA:8,0,0,2
BRDA:8,0,1,4
BRDA:20,1,0,0
BRDA:20,1,1,0
BRDA:26,2,0,1
BRDA:26,2,1,0
BRDA:33,3,0,0
BRDA:33,3,1,0
BRF:8
BRH:3
end_of_record
TN:
SF:utils/axiosInstance.js
FN:10,(anonymous_0)
FN:21,(anonymous_1)
FN:29,(anonymous_2)
FN:34,(anonymous_3)
FNF:4
FNH:3
FNDA:2,(anonymous_0)
FNDA:0,(anonymous_1)
FNDA:1,(anonymous_2)
FNDA:1,(anonymous_3)
DA:3,1
DA:9,1
DA:12,2
DA:13,2
DA:14,0
DA:19,2
DA:23,0
DA:28,1
DA:32,1
DA:37,1
LF:10
LH:8
BRDA:13,0,0,0
BRDA:13,0,1,2
BRF:2
BRH:1
end_of_record
